build/app/intermediates/manifest_merge_blame_file/debug/manifest-merger-blame-debug-report.txt
1<?xml version="1.0" encoding="utf-8"?>
2<manifest xmlns:android="http://schemas.android.com/apk/res/android"
3    package="com.foursiteinc.brotherquickstart"
4    android:versionCode="1"
5    android:versionName="1.0.0" >
6
7    <uses-sdk
8        android:minSdkVersion="21"
9        android:targetSdkVersion="31" />
10    <!--
11         Flutter needs it to communicate with the running application
12         to allow setting breakpoints, to provide hot reload, etc.
13    -->
14    <uses-permission android:name="android.permission.INTERNET" />
14-->src/main/AndroidManifest.xml:48:2-64
14-->src/main/AndroidManifest.xml:48:19-61
15
16    <uses-feature
16-->src/main/AndroidManifest.xml:36:2-87
17        android:name="android.hardware.bluetooth_le"
17-->src/main/AndroidManifest.xml:36:16-60
18        android:required="false" />
18-->src/main/AndroidManifest.xml:36:61-85
19    <uses-feature
19-->src/main/AndroidManifest.xml:37:2-84
20        android:name="android.hardware.bluetooth"
20-->src/main/AndroidManifest.xml:37:16-57
21        android:required="false" />
21-->src/main/AndroidManifest.xml:37:58-82
22
23    <uses-permission android:name="android.permission.ACCESS_BACKGROUND_LOCATION" />
23-->src/main/AndroidManifest.xml:38:2-82
23-->src/main/AndroidManifest.xml:38:19-79
24    <uses-permission android:name="android.permission.ACCESS_COARSE_LOCATION" />
24-->src/main/AndroidManifest.xml:39:2-78
24-->src/main/AndroidManifest.xml:39:19-75
25    <uses-permission android:name="android.permission.ACCESS_FINE_LOCATION" />
25-->src/main/AndroidManifest.xml:40:2-76
25-->src/main/AndroidManifest.xml:40:19-73
26    <uses-permission android:name="android.permission.ACCESS_FINE_LOCATION" />
26-->src/main/AndroidManifest.xml:40:2-76
26-->src/main/AndroidManifest.xml:40:19-73
27    <uses-permission
27-->src/main/AndroidManifest.xml:42:2-99
28        android:name="android.permission.BLUETOOTH_ADMIN"
28-->src/main/AndroidManifest.xml:42:19-68
29        android:maxSdkVersion="30" />
29-->src/main/AndroidManifest.xml:42:70-96
30    <uses-permission android:name="android.permission.BLUETOOTH_ADVERTISE" />
30-->src/main/AndroidManifest.xml:43:2-75
30-->src/main/AndroidManifest.xml:43:19-72
31    <uses-permission android:name="android.permission.BLUETOOTH_CONNECT" />
31-->src/main/AndroidManifest.xml:44:2-73
31-->src/main/AndroidManifest.xml:44:19-70
32    <uses-permission android:name="android.permission.BLUETOOTH_SCAN" />
32-->src/main/AndroidManifest.xml:45:2-70
32-->src/main/AndroidManifest.xml:45:19-67
33    <uses-permission
33-->src/main/AndroidManifest.xml:46:2-93
34        android:name="android.permission.BLUETOOTH"
34-->src/main/AndroidManifest.xml:46:19-62
35        android:maxSdkVersion="30" />
35-->src/main/AndroidManifest.xml:46:64-90
36    <uses-permission android:name="android.permission.CAMERA" />
36-->src/main/AndroidManifest.xml:47:2-62
36-->src/main/AndroidManifest.xml:47:19-59
37    <uses-permission android:name="android.permission.QUERY_ALL_PACKAGES" />
37-->src/main/AndroidManifest.xml:49:2-74
37-->src/main/AndroidManifest.xml:49:19-71
38    <uses-permission android:name="android.permission.READ_EXTERNAL_STORAGE" />
38-->src/main/AndroidManifest.xml:50:2-77
38-->src/main/AndroidManifest.xml:50:19-74
39    <uses-permission android:name="android.permission.RECORD_AUDIO" />
39-->src/main/AndroidManifest.xml:51:2-68
39-->src/main/AndroidManifest.xml:51:19-65
40    <uses-permission android:name="android.permission.VIBRATE" />
40-->src/main/AndroidManifest.xml:52:2-63
40-->src/main/AndroidManifest.xml:52:19-60
41    <uses-permission android:name="android.permission.WRITE_EXTERNAL_STORAGE" />
41-->src/main/AndroidManifest.xml:53:2-78
41-->src/main/AndroidManifest.xml:53:19-75
42
43    <queries>
43-->[:file_picker] AndroidManifest.xml:9:5-15:15
44        <intent>
44-->[:file_picker] AndroidManifest.xml:10:9-14:18
45            <action android:name="android.intent.action.GET_CONTENT" />
45-->[:file_picker] AndroidManifest.xml:11:13-72
45-->[:file_picker] AndroidManifest.xml:11:21-69
46
47            <data android:mimeType="*/*" />
47-->[:file_picker] AndroidManifest.xml:13:13-44
47-->[:file_picker] AndroidManifest.xml:13:19-41
48        </intent>
49    </queries>
50
51    <uses-permission android:name="android.permission.ACCESS_WIFI_STATE" />
51-->[:air_brother] AndroidManifest.xml:9:5-76
51-->[:air_brother] AndroidManifest.xml:9:22-73
52    <uses-permission android:name="android.permission.CHANGE_WIFI_STATE" />
52-->[:air_brother] AndroidManifest.xml:10:5-76
52-->[:air_brother] AndroidManifest.xml:10:22-73
53    <uses-permission android:name="android.permission.ACCESS_NETWORK_STATE" />
53-->[:air_brother] AndroidManifest.xml:11:5-79
53-->[:air_brother] AndroidManifest.xml:11:22-76
54    <uses-permission android:name="android.permission.CHANGE_NETWORK_STATE" />
54-->[:air_brother] AndroidManifest.xml:12:5-79
54-->[:air_brother] AndroidManifest.xml:12:22-76
55
56    <uses-feature android:name="android.hardware.usb.host" />
56-->[:air_brother] AndroidManifest.xml:14:5-62
56-->[:air_brother] AndroidManifest.xml:14:19-59
57
58    <application
59        android:name="android.app.Application"
60        android:appComponentFactory="androidx.core.app.CoreComponentFactory"
60-->[androidx.core:core:1.6.0] AndroidManifest.xml:24:18-86
61        android:debuggable="true"
62        android:icon="@mipmap/ic_launcher"
63        android:label="Brother Quick Start" >
64        <activity
65            android:name="com.foursiteinc.brotherquickstart.MainActivity"
66            android:configChanges="orientation|keyboardHidden|keyboard|screenSize|smallestScreenSize|locale|layoutDirection|fontScale|screenLayout|density|uiMode"
67            android:exported="true"
68            android:hardwareAccelerated="true"
69            android:launchMode="singleTop"
70            android:screenOrientation="portrait"
71            android:theme="@style/LaunchTheme"
72            android:windowSoftInputMode="adjustResize" >
73
74            <!--
75                 Specifies an Android theme to apply to this Activity as soon as
76                 the Android process has started. This theme is visible to the user
77                 while the Flutter UI initializes. After that, this theme continues
78                 to determine the Window background behind the Flutter UI.
79            -->
80            <meta-data
81                android:name="io.flutter.embedding.android.NormalTheme"
82                android:resource="@style/NormalTheme" />
83
84            <intent-filter>
85                <action android:name="android.intent.action.MAIN" />
86
87                <category android:name="android.intent.category.LAUNCHER" />
88            </intent-filter>
89        </activity>
90        <!--
91             Don't delete the meta-data below.
92             This is used by the Flutter tool to generate GeneratedPluginRegistrant.java
93        -->
94        <meta-data
95            android:name="flutterEmbedding"
96            android:value="2" />
97
98        <receiver android:name="com.rouninlabs.another_brother.receiver.UsbPermissionsReceiver" >
98-->[:another_brother] AndroidManifest.xml:14:9-15:20
98-->[:another_brother] AndroidManifest.xml:14:19-96
99        </receiver>
100        <receiver android:name="com.rouninlabs.air_brother.receiver.AirBrotherUsbPermissionsReceiver" >
100-->[:air_brother] AndroidManifest.xml:17:9-18:20
100-->[:air_brother] AndroidManifest.xml:17:19-102
101        </receiver>
102
103        <uses-library
103-->[androidx.window:window:1.0.0-beta04] AndroidManifest.xml:25:9-27:40
104            android:name="androidx.window.extensions"
104-->[androidx.window:window:1.0.0-beta04] AndroidManifest.xml:26:13-54
105            android:required="false" />
105-->[androidx.window:window:1.0.0-beta04] AndroidManifest.xml:27:13-37
106        <uses-library
106-->[androidx.window:window:1.0.0-beta04] AndroidManifest.xml:28:9-30:40
107            android:name="androidx.window.sidecar"
107-->[androidx.window:window:1.0.0-beta04] AndroidManifest.xml:29:13-51
108            android:required="false" />
108-->[androidx.window:window:1.0.0-beta04] AndroidManifest.xml:30:13-37
109    </application>
110
111</manifest>